[debug] [2021-08-09T09:54:42.908Z] ----------------------------------------------------------------------
[debug] [2021-08-09T09:54:42.911Z] Command:       C:\Program Files (x86)\nodejs\node.exe C:\Users\Abiy-chung\AppData\Roaming\npm\node_modules\firebase-tools\lib\bin\firebase.js deploy --only hosting
[debug] [2021-08-09T09:54:42.911Z] CLI Version:   9.16.0
[debug] [2021-08-09T09:54:42.911Z] Platform:      win32
[debug] [2021-08-09T09:54:42.911Z] Node Version:  v14.17.0
[debug] [2021-08-09T09:54:42.913Z] Time:          Mon Aug 09 2021 05:54:42 GMT-0400 (Eastern Daylight Time)
[debug] [2021-08-09T09:54:42.913Z] ----------------------------------------------------------------------
[debug] 
[debug] [2021-08-09T09:54:43.005Z] > command requires scopes: ["email","openid","https://www.googleapis.com/auth/cloudplatformprojects.readonly","https://www.googleapis.com/auth/firebase","https://www.googleapis.com/auth/cloud-platform"]
[debug] [2021-08-09T09:54:43.005Z] > authorizing via signed-in user (chungjapy@gmail.com)
[debug] [2021-08-09T09:54:43.005Z] [iam] checking project clone-d0e2c for permissions ["firebase.projects.get","firebasehosting.sites.update"]
[debug] [2021-08-09T09:54:43.008Z] > refreshing access token with scopes: ["email","https://www.googleapis.com/auth/cloud-platform","https://www.googleapis.com/auth/cloudplatformprojects.readonly","https://www.googleapis.com/auth/firebase","openid"]
[debug] [2021-08-09T09:54:43.009Z] >>> HTTP REQUEST POST https://www.googleapis.com/oauth2/v3/token  
 <request body omitted>
[debug] [2021-08-09T09:54:55.078Z] [iam] error while checking permissions, command may fail: FirebaseError: Authentication Error: Your credentials are no longer valid. Please run firebase login --reauth

For CI servers and headless environments, generate a new token with firebase login:ci
[debug] [2021-08-09T09:54:55.081Z] >>> [apiv2][query] GET https://firebase.googleapis.com/v1beta1/projects/clone-d0e2c [none]
[debug] [2021-08-09T09:55:07.131Z] Failed to make request to https://firebase.googleapis.com/v1beta1/projects/clone-d0e2c
[debug] [2021-08-09T09:55:19.175Z] FirebaseError: Failed to make request to https://firebase.googleapis.com/v1beta1/projects/clone-d0e2c
    at Client.doRequest (C:\Users\Abiy-chung\AppData\Roaming\npm\node_modules\firebase-tools\lib\apiv2.js:211:19)
    at processTicksAndRejections (internal/process/task_queues.js:95:5)
    at async Client.request (C:\Users\Abiy-chung\AppData\Roaming\npm\node_modules\firebase-tools\lib\apiv2.js:96:20)
    at async Object.getFirebaseProject (C:\Users\Abiy-chung\AppData\Roaming\npm\node_modules\firebase-tools\lib\management\projects.js:290:21)
    at async Object.getDefaultHostingSite (C:\Users\Abiy-chung\AppData\Roaming\npm\node_modules\firebase-tools\lib\getDefaultHostingSite.js:8:21)
    at async requireHostingSite (C:\Users\Abiy-chung\AppData\Roaming\npm\node_modules\firebase-tools\lib\requireHostingSite.js:9:18)
    at async Object.fn (C:\Users\Abiy-chung\AppData\Roaming\npm\node_modules\firebase-tools\lib\commands\deploy.js:65:9)
    at async C:\Users\Abiy-chung\AppData\Roaming\npm\node_modules\firebase-tools\lib\command.js:169:17
[error] 
[error] Error: Failed to get Firebase project clone-d0e2c. Please make sure the project exists and your account has permission to access it.
